<?xml version="1.0" encoding="UTF-8"?>
<testng-results ignored="0" total="4" passed="4" failed="0" skipped="0">
  <reporter-output>
  </reporter-output>
  <suite started-at="2025-03-17T17:49:37 IST" name="Suite" finished-at="2025-03-17T17:49:38 IST" duration-ms="77">
    <groups>
    </groups>
    <test started-at="2025-03-17T17:49:37 IST" name="Test" finished-at="2025-03-17T17:49:38 IST" duration-ms="77">
      <class name="com.comcast.package1.ContactTest">
        <test-method signature="createContactTest()[pri:0, instance:com.comcast.package1.ContactTest@6eda5c9]" started-at="2025-03-17T17:49:38 IST" name="createContactTest" finished-at="2025-03-17T17:49:38 IST" duration-ms="1" status="PASS">
          <reporter-output>
          </reporter-output>
        </test-method> <!-- createContactTest -->
        <test-method signature="modifyContactTest()[pri:0, instance:com.comcast.package1.ContactTest@6eda5c9]" started-at="2025-03-17T17:49:38 IST" name="modifyContactTest" finished-at="2025-03-17T17:49:38 IST" duration-ms="1" status="PASS">
          <reporter-output>
          </reporter-output>
        </test-method> <!-- modifyContactTest -->
      </class> <!-- com.comcast.package1.ContactTest -->
      <class name="com.comcast.package2.OrgTest">
        <test-method signature="createOrgTest()[pri:0, instance:com.comcast.package2.OrgTest@7193666c]" started-at="2025-03-17T17:49:37 IST" name="createOrgTest" finished-at="2025-03-17T17:49:37 IST" duration-ms="8" status="PASS">
          <reporter-output>
          </reporter-output>
        </test-method> <!-- createOrgTest -->
        <test-method signature="modifyOrgTest()[pri:0, instance:com.comcast.package2.OrgTest@7193666c]" started-at="2025-03-17T17:49:38 IST" name="modifyOrgTest" finished-at="2025-03-17T17:49:38 IST" duration-ms="1" status="PASS">
          <reporter-output>
          </reporter-output>
        </test-method> <!-- modifyOrgTest -->
      </class> <!-- com.comcast.package2.OrgTest -->
    </test> <!-- Test -->
  </suite> <!-- Suite -->
</testng-results>
