<?xml version="1.0" encoding="UTF-8"?>
<!-- Generated by org.testng.reporters.JUnitXMLReporter -->
<testsuite ignored="0" hostname="DESKTOP-2U9NDB1" failures="0" tests="4" name="Test" time="0.077" errors="0" timestamp="2025-03-17T17:49:38 IST">
  <testcase classname="com.comcast.package2.OrgTest" name="createOrgTest" time="0.008"/>
  <testcase classname="com.comcast.package2.OrgTest" name="modifyOrgTest" time="0.001"/>
  <testcase classname="com.comcast.package1.ContactTest" name="createContactTest" time="0.001"/>
  <testcase classname="com.comcast.package1.ContactTest" name="modifyContactTest" time="0.001"/>
</testsuite> <!-- Test -->
