<?xml version="1.0" encoding="UTF-8"?>
<!-- Generated by org.testng.reporters.JUnitXMLReporter -->
<testsuite ignored="0" hostname="DESKTOP-2U9NDB1" failures="0" tests="4" name="Surefire test" time="0.121" errors="0" timestamp="2025-03-14T13:23:56 IST">
  <testcase classname="com.comcast.package1.ContactTest" name="createContactTest" time="0.012"/>
  <testcase classname="com.comcast.package1.ContactTest" name="modifyContactTest" time="0.003"/>
  <testcase classname="com.comcast.package2.OrgTest" name="createOrgTest" time="0.002"/>
  <testcase classname="com.comcast.package2.OrgTest" name="modifyOrgTest" time="0.003"/>
</testsuite> <!-- Surefire test -->
